Found Java version 11.0.15
Available memory: 9963 MB
Using JVM args: -Xmx2490m
883 [main] INFO  org.zaproxy.zap.DaemonBootstrap - OWASP ZAP D-2022-07-11 started 20/07/2022, 10:57:53 with home /home/zap/.ZAP_D/
924 [main] INFO  org.parosproxy.paros.common.AbstractParam - Setting config database.recoverylog = false was false
926 [main] INFO  org.parosproxy.paros.common.AbstractParam - Setting config api.disablekey = true was true
927 [main] INFO  org.parosproxy.paros.common.AbstractParam - Setting config api.addrs.addr.name = .* was .*
928 [main] INFO  org.parosproxy.paros.common.AbstractParam - Setting config api.addrs.addr.regex = true was true
929 [main] INFO  org.parosproxy.paros.common.AbstractParam - Setting config spider.maxDuration = 1 was 1
1322 [main] INFO  hsqldb.db.HSQLDB379AF3DEBD.ENGINE - dataFileCache open start
1330 [main] INFO  hsqldb.db.HSQLDB379AF3DEBD.ENGINE - dataFileCache commit start
1333 [main] INFO  hsqldb.db.HSQLDB379AF3DEBD.ENGINE - dataFileCache commit end
1334 [main] INFO  hsqldb.db.HSQLDB379AF3DEBD.ENGINE - dataFileCache open end
1992 [ZAP-daemon] INFO  org.zaproxy.zap.control.ExtensionFactory - Installed add-ons: [[id=accessControl, version=8.0.0], [id=alertFilters, version=14.0.0], [id=ascanrules, version=47.0.0], [id=ascanrulesBeta, version=42.0.0], [id=automation, version=0.17.0], [id=bruteforce, version=12.0.0], [id=callhome, version=0.4.0], [id=commonlib, version=1.10.0], [id=coreLang, version=16.0.0], [id=diff, version=12.0.0], [id=directorylistv1, version=6.0.0], [id=domxss, version=13.0.0], [id=encoder, version=0.7.0], [id=exim, version=0.2.0], [id=formhandler, version=5.0.0], [id=fuzz, version=13.7.0], [id=gettingStarted, version=14.0.0], [id=graaljs, version=0.3.0], [id=graphql, version=0.10.0], [id=help, version=15.0.0], [id=hud, version=0.14.0], [id=invoke, version=12.0.0], [id=network, version=0.3.0], [id=oast, version=0.11.0], [id=onlineMenu, version=10.0.0], [id=openapi, version=28.0.0], [id=plugnhack, version=13.0.0], [id=portscan, version=10.0.0], [id=pscanrules, version=42.0.0], [id=pscanrulesBeta, version=30.0.0], [id=quickstart, version=34.0.0], [id=replacer, version=10.0.0], [id=reports, version=0.15.0], [id=requester, version=7.0.0], [id=retest, version=0.3.0], [id=retire, version=0.13.0], [id=reveal, version=5.0.0], [id=scripts, version=31.0.0], [id=selenium, version=15.10.0], [id=sequence, version=7.0.0], [id=soap, version=14.0.0], [id=spiderAjax, version=23.8.0], [id=tips, version=10.0.0], [id=webdriverlinux, version=41.0.0], [id=webdrivermacos, version=42.0.0], [id=webdriverwindows, version=41.0.0], [id=websocket, version=27.0.0], [id=zest, version=36.0.0]]
1994 [ZAP-daemon] INFO  org.zaproxy.zap.control.ExtensionFactory - Loading extensions
3229 [ZAP-daemon] INFO  org.zaproxy.addon.network.internal.TlsUtils - Using supported SSL/TLS protocols: [TLSv1.2, TLSv1.3]
3411 [ZAP-daemon] INFO  org.zaproxy.zap.control.ExtensionFactory - Extensions loaded
3788 [ZAP-daemon] INFO  org.parosproxy.paros.extension.ExtensionLoader - Initializing Auto-update Extension - Allows ZAP to check for updates
3794 [ZAP-daemon] INFO  org.parosproxy.paros.extension.ExtensionLoader - Initializing Options Extension - Options Extension
3795 [ZAP-daemon] INFO  org.parosproxy.paros.extension.ExtensionLoader - Initializing Edit Menu Extension - Edit Menu Extension
3796 [ZAP-daemon] INFO  org.parosproxy.paros.extension.ExtensionLoader - Initializing API Extension - Provides a rest based API for controlling and accessing ZAP
3804 [ZAP-daemon] INFO  org.parosproxy.paros.extension.ExtensionLoader - Initializing History Extension - History Extension
3806 [ZAP-daemon] INFO  org.parosproxy.paros.extension.ExtensionLoader - Initializing ExtensionReveal - Show hidden fields and enable disabled fields
3808 [ZAP-daemon] INFO  org.parosproxy.paros.extension.ExtensionLoader - Initializing Search Extension - Search messages for strings and regular expressions
3810 [ZAP-daemon] INFO  org.parosproxy.paros.extension.ExtensionLoader - Initializing Breakpoint Extension - Allows you to intercept and modify requests and responses
3814 [ZAP-daemon] INFO  org.parosproxy.paros.extension.ExtensionLoader - Initializing Passive Scan Extension - Passive scanner
3856 [ZAP-daemon] INFO  org.zaproxy.zap.extension.pscan.ExtensionPassiveScan - loaded passive scan rule: Script Passive Scan Rules
3857 [ZAP-daemon] INFO  org.zaproxy.zap.extension.pscan.ExtensionPassiveScan - loaded passive scan rule: Stats Passive Scan Rule
3858 [ZAP-daemon] INFO  org.zaproxy.zap.extension.pscan.ExtensionPassiveScan - loaded passive scan rule: Vulnerable JS Library (Powered by Retire.js)
3859 [ZAP-daemon] INFO  org.zaproxy.zap.extension.pscan.ExtensionPassiveScan - loaded passive scan rule: Anti-clickjacking Header
3860 [ZAP-daemon] INFO  org.zaproxy.zap.extension.pscan.ExtensionPassiveScan - loaded passive scan rule: Application Error Disclosure
3861 [ZAP-daemon] INFO  org.zaproxy.zap.extension.pscan.ExtensionPassiveScan - loaded passive scan rule: Re-examine Cache-control Directives
3863 [ZAP-daemon] INFO  org.zaproxy.zap.extension.pscan.ExtensionPassiveScan - loaded passive scan rule: Charset Mismatch
3864 [ZAP-daemon] INFO  org.zaproxy.zap.extension.pscan.ExtensionPassiveScan - loaded passive scan rule: Content Security Policy (CSP) Header Not Set
3865 [ZAP-daemon] INFO  org.zaproxy.zap.extension.pscan.ExtensionPassiveScan - loaded passive scan rule: CSP
3865 [ZAP-daemon] INFO  org.zaproxy.zap.extension.pscan.ExtensionPassiveScan - loaded passive scan rule: Content-Type Header Missing
3866 [ZAP-daemon] INFO  org.zaproxy.zap.extension.pscan.ExtensionPassiveScan - loaded passive scan rule: Cookie No HttpOnly Flag
3867 [ZAP-daemon] INFO  org.zaproxy.zap.extension.pscan.ExtensionPassiveScan - loaded passive scan rule: Loosely Scoped Cookie
3868 [ZAP-daemon] INFO  org.zaproxy.zap.extension.pscan.ExtensionPassiveScan - loaded passive scan rule: Cookie without SameSite Attribute
3869 [ZAP-daemon] INFO  org.zaproxy.zap.extension.pscan.ExtensionPassiveScan - loaded passive scan rule: Cookie Without Secure Flag
3870 [ZAP-daemon] INFO  org.zaproxy.zap.extension.pscan.ExtensionPassiveScan - loaded passive scan rule: Cross-Domain Misconfiguration
3872 [ZAP-daemon] INFO  org.zaproxy.zap.extension.pscan.ExtensionPassiveScan - loaded passive scan rule: Cross-Domain JavaScript Source File Inclusion
3873 [ZAP-daemon] INFO  org.zaproxy.zap.extension.pscan.ExtensionPassiveScan - loaded passive scan rule: Absence of Anti-CSRF Tokens
3874 [ZAP-daemon] INFO  org.zaproxy.zap.extension.pscan.ExtensionPassiveScan - loaded passive scan rule: Private IP Disclosure
3875 [ZAP-daemon] INFO  org.zaproxy.zap.extension.pscan.ExtensionPassiveScan - loaded passive scan rule: Session ID in URL Rewrite
3876 [ZAP-daemon] INFO  org.zaproxy.zap.extension.pscan.ExtensionPassiveScan - loaded passive scan rule: Information Disclosure - Debug Error Messages
3877 [ZAP-daemon] INFO  org.zaproxy.zap.extension.pscan.ExtensionPassiveScan - loaded passive scan rule: Information Disclosure - Sensitive Information in URL
3878 [ZAP-daemon] INFO  org.zaproxy.zap.extension.pscan.ExtensionPassiveScan - loaded passive scan rule: Information Disclosure - Sensitive Information in HTTP Referrer Header
3879 [ZAP-daemon] INFO  org.zaproxy.zap.extension.pscan.ExtensionPassiveScan - loaded passive scan rule: Information Disclosure - Suspicious Comments
3880 [ZAP-daemon] INFO  org.zaproxy.zap.extension.pscan.ExtensionPassiveScan - loaded passive scan rule: Weak Authentication Method
3880 [ZAP-daemon] INFO  org.zaproxy.zap.extension.pscan.ExtensionPassiveScan - loaded passive scan rule: Insecure JSF ViewState
3881 [ZAP-daemon] INFO  org.zaproxy.zap.extension.pscan.ExtensionPassiveScan - loaded passive scan rule: Secure Pages Include Mixed Content
3882 [ZAP-daemon] INFO  org.zaproxy.zap.extension.pscan.ExtensionPassiveScan - loaded passive scan rule: Timestamp Disclosure
3883 [ZAP-daemon] INFO  org.zaproxy.zap.extension.pscan.ExtensionPassiveScan - loaded passive scan rule: Username Hash Found
3884 [ZAP-daemon] INFO  org.zaproxy.zap.extension.pscan.ExtensionPassiveScan - loaded passive scan rule: Viewstate
3884 [ZAP-daemon] INFO  org.zaproxy.zap.extension.pscan.ExtensionPassiveScan - loaded passive scan rule: X-AspNet-Version Response Header
3886 [ZAP-daemon] INFO  org.zaproxy.zap.extension.pscan.ExtensionPassiveScan - loaded passive scan rule: X-Content-Type-Options Header Missing
3886 [ZAP-daemon] INFO  org.zaproxy.zap.extension.pscan.ExtensionPassiveScan - loaded passive scan rule: X-Debug-Token Information Leak
3888 [ZAP-daemon] INFO  org.zaproxy.zap.extension.pscan.ExtensionPassiveScan - loaded passive scan rule: Server Leaks Information via "X-Powered-By" HTTP Response Header Field(s)
3889 [ZAP-daemon] INFO  org.zaproxy.zap.extension.pscan.ExtensionPassiveScan - loaded passive scan rule: WSDL File Detection
3890 [ZAP-daemon] INFO  org.zaproxy.zap.extension.pscan.ExtensionPassiveScan - loaded passive scan rule: Big Redirect Detected (Potential Sensitive Information Leak)
3891 [ZAP-daemon] INFO  org.zaproxy.zap.extension.pscan.ExtensionPassiveScan - loaded passive scan rule: Directory Browsing
3892 [ZAP-daemon] INFO  org.zaproxy.zap.extension.pscan.ExtensionPassiveScan - loaded passive scan rule: Hash Disclosure
3893 [ZAP-daemon] INFO  org.zaproxy.zap.extension.pscan.ExtensionPassiveScan - loaded passive scan rule: Heartbleed OpenSSL Vulnerability (Indicative)
3895 [ZAP-daemon] INFO  org.zaproxy.zap.extension.pscan.ExtensionPassiveScan - loaded passive scan rule: HTTP to HTTPS Insecure Transition in Form Post
3896 [ZAP-daemon] INFO  org.zaproxy.zap.extension.pscan.ExtensionPassiveScan - loaded passive scan rule: HTTPS to HTTP Insecure Transition in Form Post
3896 [ZAP-daemon] INFO  org.zaproxy.zap.extension.pscan.ExtensionPassiveScan - loaded passive scan rule: Reverse Tabnabbing
3897 [ZAP-daemon] INFO  org.zaproxy.zap.extension.pscan.ExtensionPassiveScan - loaded passive scan rule: Modern Web Application
3898 [ZAP-daemon] INFO  org.zaproxy.zap.extension.pscan.ExtensionPassiveScan - loaded passive scan rule: PII Disclosure
3899 [ZAP-daemon] INFO  org.zaproxy.zap.extension.pscan.ExtensionPassiveScan - loaded passive scan rule: Retrieved from Cache
3900 [ZAP-daemon] INFO  org.zaproxy.zap.extension.pscan.ExtensionPassiveScan - loaded passive scan rule: HTTP Server Response Header
3901 [ZAP-daemon] INFO  org.zaproxy.zap.extension.pscan.ExtensionPassiveScan - loaded passive scan rule: HTTP Parameter Override
3902 [ZAP-daemon] INFO  org.zaproxy.zap.extension.pscan.ExtensionPassiveScan - loaded passive scan rule: Strict-Transport-Security Header
3903 [ZAP-daemon] INFO  org.zaproxy.zap.extension.pscan.ExtensionPassiveScan - loaded passive scan rule: User Controllable Charset
3904 [ZAP-daemon] INFO  org.zaproxy.zap.extension.pscan.ExtensionPassiveScan - loaded passive scan rule: Cookie Poisoning
3905 [ZAP-daemon] INFO  org.zaproxy.zap.extension.pscan.ExtensionPassiveScan - loaded passive scan rule: User Controllable HTML Element Attribute (Potential XSS)
3906 [ZAP-daemon] INFO  org.zaproxy.zap.extension.pscan.ExtensionPassiveScan - loaded passive scan rule: User Controllable JavaScript Event (XSS)
3907 [ZAP-daemon] INFO  org.zaproxy.zap.extension.pscan.ExtensionPassiveScan - loaded passive scan rule: Open Redirect
3907 [ZAP-daemon] INFO  org.zaproxy.zap.extension.pscan.ExtensionPassiveScan - loaded passive scan rule: X-Backend-Server Header Information Leak
3909 [ZAP-daemon] INFO  org.zaproxy.zap.extension.pscan.ExtensionPassiveScan - loaded passive scan rule: X-ChromeLogger-Data (XCOLD) Header Information Leak
3924 [ZAP-daemon] INFO  org.parosproxy.paros.extension.ExtensionLoader - Initializing Alerts Extension - Allows you to view and manage alerts
3927 [ZAP-daemon] INFO  org.parosproxy.paros.extension.ExtensionLoader - Initializing Active Scan Extension - Active scanner, heavily based on the original Paros active scanner, but with additional tests added
3933 [ZAP-daemon] INFO  org.parosproxy.paros.extension.ExtensionLoader - Initializing ExtensionSequence - ExtensionSequence
3934 [ZAP-daemon] INFO  org.parosproxy.paros.extension.ExtensionLoader - Initializing Spider Extension - Spider used for automatically finding URIs on a site
3938 [ZAP-daemon] INFO  org.parosproxy.paros.extension.ExtensionLoader - Initializing Standard Menus Extension - A set of common popup menus for miscellaneous tasks
3940 [ZAP-daemon] INFO  org.parosproxy.paros.extension.ExtensionLoader - Initializing ExtensionBruteForce - Forced browsing of files and directories using code from the OWASP DirBuster tool
3942 [ZAP-daemon] INFO  org.parosproxy.paros.extension.ExtensionLoader - Initializing ExtensionPortScan - Simple but effective port scanner
3943 [ZAP-daemon] INFO  org.parosproxy.paros.extension.ExtensionLoader - Initializing Manual Request Editor Extension - Manual Request Editor Extension
3945 [ZAP-daemon] INFO  org.parosproxy.paros.extension.ExtensionLoader - Initializing Compare Extension - Compares 2 sessions and generates an HTML file showing the differences
3946 [ZAP-daemon] INFO  org.parosproxy.paros.extension.ExtensionLoader - Initializing ExtensionInvoke - Invoke external applications passing context related information such as URLs and parameters
3950 [ZAP-daemon] INFO  org.parosproxy.paros.extension.ExtensionLoader - Initializing Anti-CSRF Extension - Handles anti cross site request forgery (CSRF) tokens
3953 [ZAP-daemon] INFO  org.parosproxy.paros.extension.ExtensionLoader - Initializing Authentication Extension - Authentication Extension
3971 [ZAP-daemon] INFO  org.zaproxy.zap.extension.authentication.ExtensionAuthentication - Loaded authentication method types: [Form-based Authentication, HTTP/NTLM Authentication, Manual Authentication, Script-based Authentication, JSON-based Authentication]
3974 [ZAP-daemon] INFO  org.parosproxy.paros.extension.ExtensionLoader - Initializing Log4j Extension - Logs errors to the Output tab in development mode only
3975 [ZAP-daemon] INFO  org.parosproxy.paros.extension.ExtensionLoader - Initializing Users Extension - Users Extension
3979 [ZAP-daemon] INFO  org.parosproxy.paros.extension.ExtensionLoader - Initializing Parameters Extension - Summarise and analyse FORM and URL parameters as well as cookies
3981 [ZAP-daemon] INFO  org.parosproxy.paros.extension.ExtensionLoader - Initializing Script Extension - Script integration
3985 [ZAP-daemon] INFO  org.parosproxy.paros.extension.ExtensionLoader - Initializing ExtensionScripts - Scripting console, supports all JSR 223 scripting languages
4131 [ZAP-daemon] INFO  org.parosproxy.paros.extension.ExtensionLoader - Initializing Forced User Extension - Forced User Extension
4134 [ZAP-daemon] INFO  org.parosproxy.paros.extension.ExtensionLoader - Initializing HTTP Sessions Extension - Extension handling HTTP sessions
4137 [ZAP-daemon] INFO  org.parosproxy.paros.extension.ExtensionLoader - Initializing ExtensionZest - Zest is a specialized scripting language, originally, from Mozilla specifically designed to be used in security tools
4271 [ZAP-daemon] INFO  org.parosproxy.paros.extension.ExtensionLoader - Initializing ExtensionDiff - ExtensionDiff
4273 [ZAP-daemon] INFO  org.parosproxy.paros.extension.ExtensionLoader - Initializing HTTP Panel Post Table View Extension - HTTP Panel Post Table View Extension
4274 [ZAP-daemon] INFO  org.parosproxy.paros.extension.ExtensionLoader - Initializing Encoder Addon - Adds support for scriptable encoders to ZAP.
4275 [ZAP-daemon] INFO  org.parosproxy.paros.extension.ExtensionLoader - Initializing ExtensionPlugNHack - Simple browser configuration
4276 [ZAP-daemon] INFO  org.parosproxy.paros.extension.ExtensionLoader - Initializing Session Management Extension - Session Management Extension
4283 [ZAP-daemon] INFO  org.zaproxy.zap.extension.sessions.ExtensionSessionManagement - Loaded session management method types: [Cookie-based Session Management, HTTP Authentication Session Management, Script-based Session Management]
4286 [ZAP-daemon] INFO  org.parosproxy.paros.extension.ExtensionLoader - Initializing HTTP Panel Form Table View Extension - HTTP Panel Form Table View Extension
4286 [ZAP-daemon] INFO  org.parosproxy.paros.extension.ExtensionLoader - Initializing WebSockets Support - Capture messages from WebSockets with the ability to set breakpoints.
4306 [ZAP-daemon] INFO  org.parosproxy.paros.extension.ExtensionLoader - Initializing SOAP/WSDL Support - Allows you to import a WSDL file containing operations which ZAP will access, adding them to the Sites tree.
4311 [ZAP-daemon] INFO  org.parosproxy.paros.extension.ExtensionLoader - Initializing Core UI Extension - Core UI related functionality.
4312 [ZAP-daemon] INFO  org.parosproxy.paros.extension.ExtensionLoader - Initializing Authorization Extension - Authorization Extension
4313 [ZAP-daemon] INFO  org.parosproxy.paros.extension.ExtensionLoader - Initializing Requester - Multi-tab manual request editor interface
4314 [ZAP-daemon] INFO  org.parosproxy.paros.extension.ExtensionLoader - Initializing AJAX Spider - AJAX Spider, uses Crawljax
4316 [ZAP-daemon] INFO  org.parosproxy.paros.extension.ExtensionLoader - Initializing WebDriver Provider - Provides WebDrivers to control several browsers using Selenium and includes HtmlUnit browser.
4321 [ZAP-daemon] INFO  org.parosproxy.paros.extension.ExtensionLoader - Initializing ExtensionAccessControl - Add-on that adds a set of tools for testing access control in web applications.
4323 [ZAP-daemon] INFO  org.parosproxy.paros.extension.ExtensionLoader - Initializing Global Exclude URLs Extension - Handles adding Global Excluded URLs
4324 [ZAP-daemon] INFO  org.parosproxy.paros.extension.ExtensionLoader - Initializing Refresh Sites Tree Extension - Adds menu item to refresh the Sites tree
4325 [ZAP-daemon] INFO  org.parosproxy.paros.extension.ExtensionLoader - Initializing Help Extension - OWASP ZAP User Guide
4326 [ZAP-daemon] INFO  org.parosproxy.paros.extension.ExtensionLoader - Initializing Call Home - Handles all of the calls to ZAP services
4327 [ZAP-daemon] INFO  org.parosproxy.paros.extension.ExtensionLoader - Initializing Network Extension - Provides core networking capabilities.
4730 [ZAP-daemon] INFO  org.parosproxy.paros.network.SSLConnector - Reading supported SSL/TLS protocols...
4731 [ZAP-daemon] INFO  org.parosproxy.paros.network.SSLConnector - Using a SSLEngine...
4733 [ZAP-daemon] INFO  org.parosproxy.paros.network.SSLConnector - Done reading supported SSL/TLS protocols: [SSLv2Hello, SSLv3, TLSv1, TLSv1.1, TLSv1.2, TLSv1.3]
4734 [ZAP-daemon] INFO  org.zaproxy.addon.network.ConnectionOptions - Unsafe SSL/TLS renegotiation disabled.
4737 [ZAP-daemon] INFO  org.parosproxy.paros.extension.ExtensionLoader - Initializing Extension Configuration Extension - Allows you to configure which extensions are loaded when ZAP starts
4737 [ZAP-daemon] INFO  org.parosproxy.paros.extension.ExtensionLoader - Initializing Combined HTTP Panels Extension - Combined HTTP Panels Extension
4738 [ZAP-daemon] INFO  org.parosproxy.paros.extension.ExtensionLoader - Initializing HTTP Panel Hex View Extension - HTTP Panel Hex View Extension
4739 [ZAP-daemon] INFO  org.parosproxy.paros.extension.ExtensionLoader - Initializing HTTP Panel Image View Extension - HTTP Panel Image View Extension
4739 [ZAP-daemon] INFO  org.parosproxy.paros.extension.ExtensionLoader - Initializing HTTP Panel Query Table View Extension - HTTP Panel Query Table View Extension
4740 [ZAP-daemon] INFO  org.parosproxy.paros.extension.ExtensionLoader - Initializing HTTP Panel Syntax Highlighter View Extension - HTTP Panel Syntax Highlighter View Extension
4741 [ZAP-daemon] INFO  org.parosproxy.paros.extension.ExtensionLoader - Initializing Keyboard Configuration Extension - Adds support for configurable keyboard shortcuts for all of the ZAP menus.
4741 [ZAP-daemon] INFO  org.parosproxy.paros.extension.ExtensionLoader - Initializing Scanner Rule Configuration Extension - Active and passive rule configuration
4744 [ZAP-daemon] INFO  org.parosproxy.paros.extension.ExtensionLoader - Initializing Statistics Extension - Statistics
4745 [ZAP-daemon] INFO  org.zaproxy.zap.extension.stats.ExtensionStats - Start recording in memory stats
4746 [ZAP-daemon] INFO  org.parosproxy.paros.extension.ExtensionLoader - Initializing Custom Pages Extension - Custom Pages Definition
4747 [ZAP-daemon] INFO  org.parosproxy.paros.extension.ExtensionLoader - Initializing ExtensionGettingStarted - The ZAP Getting Started Guide
4748 [ZAP-daemon] INFO  org.parosproxy.paros.extension.ExtensionLoader - Initializing Automation Framework - Provides functionality to simplify using ZAP in an automated manner
4749 [ZAP-daemon] INFO  org.parosproxy.paros.extension.ExtensionLoader - Initializing Retest - Facilitates the verification of presence/absence of certain alerts.
4752 [ZAP-daemon] INFO  org.parosproxy.paros.extension.ExtensionLoader - Initializing OpenAPI Import - Allows you to spider and import OpenAPI (Swagger) definitions 
4754 [ZAP-daemon] INFO  org.parosproxy.paros.extension.ExtensionLoader - Initializing OpenAPI Automation - OpenAPI Automation Framework Integration
4756 [ZAP-daemon] INFO  org.parosproxy.paros.extension.ExtensionLoader - Initializing ExtensionTipsAndTricks - Tips and Tricks
4757 [ZAP-daemon] INFO  org.parosproxy.paros.extension.ExtensionLoader - Initializing Quick Start panel  - Adds the Quick Start panel for scanning and exploring applications
4759 [ZAP-daemon] INFO  org.parosproxy.paros.extension.ExtensionLoader - Initializing Quick Start Ajax Spider integration - Add the option to use the Ajax Spider in the Quick Start scan
4760 [ZAP-daemon] INFO  org.parosproxy.paros.extension.ExtensionLoader - Initializing Quick Start HUD Integration - HUD integration for the quick start panel
4761 [ZAP-daemon] INFO  org.parosproxy.paros.extension.ExtensionLoader - Initializing Quick Start Browser Launcher - Launch browsers preset proxying through ZAP
4762 [ZAP-daemon] INFO  org.parosproxy.paros.extension.ExtensionLoader - Initializing Active Scan Rules - Release status active scan rules
4763 [ZAP-daemon] INFO  org.parosproxy.paros.extension.ExtensionLoader - Initializing ExtensionFormHandler - This extension allows a user to change the default values used by ZAP Spiders.
4765 [ZAP-daemon] INFO  org.parosproxy.paros.extension.ExtensionLoader - Initializing Passive Scan Rules - Release status passive scan rules
4766 [ZAP-daemon] INFO  org.parosproxy.paros.extension.ExtensionLoader - Initializing ExtensionHUD - Heads Up Display
4910 [ZAP-daemon] INFO  org.parosproxy.paros.extension.ExtensionLoader - Initializing ExtensionHUDlaunch - ExtensionHUDlaunch
4911 [ZAP-daemon] INFO  org.parosproxy.paros.extension.ExtensionLoader - Initializing WebSocket Fuzzer - Allows to fuzz WebSocket messages.
4913 [ZAP-daemon] INFO  org.parosproxy.paros.extension.ExtensionLoader - Initializing Scripts Automation Framework Integration - Scripts Automation
4917 [ZAP-daemon] INFO  org.parosproxy.paros.extension.ExtensionLoader - Initializing Ajax Spider Automation - Ajax Spider Automation Framework Integration
4920 [ZAP-daemon] INFO  org.parosproxy.paros.extension.ExtensionLoader - Initializing Report Generator - Templated and themed report generation functionality
4922 [ZAP-daemon] INFO  org.parosproxy.paros.extension.ExtensionLoader - Initializing Report Generation Automation Integration - Report Generation Automation Integration
4925 [ZAP-daemon] INFO  org.parosproxy.paros.extension.ExtensionLoader - Initializing SOAP Automation - SOAP Automation Framework Integration
4927 [ZAP-daemon] INFO  org.parosproxy.paros.extension.ExtensionLoader - Initializing ExtensionOnlineMenu - The Online menu links
4929 [ZAP-daemon] INFO  org.parosproxy.paros.extension.ExtensionLoader - Initializing Out-of-band Application Security Testing - Adds Out-of-band Application Security Testing functionality.
4933 [ZAP-daemon] INFO  org.parosproxy.paros.extension.ExtensionLoader - Initializing OAST Scripts - Adds OAST scripts.
4934 [ZAP-daemon] INFO  org.parosproxy.paros.extension.ExtensionLoader - Initializing Advance Fuzzer - Provides the foundation for concrete message types (for example, HTTP, WebSockets) expose fuzzer implementations.
4936 [ZAP-daemon] INFO  org.parosproxy.paros.extension.ExtensionLoader - Initializing HTTP Fuzzer - Allows to fuzz HTTP messages.
4958 [ZAP-daemon] INFO  org.parosproxy.paros.extension.ExtensionLoader - Initializing Import/Export - Import and Export functionality supporting multiple formats.
4961 [ZAP-daemon] INFO  org.parosproxy.paros.extension.ExtensionLoader - Initializing Import/Export Automation - Import/Export Automation Framework Integration
4963 [ZAP-daemon] INFO  org.parosproxy.paros.extension.ExtensionLoader - Initializing ExtensionAlertFilters - Context alert rules filter
4965 [ZAP-daemon] INFO  org.parosproxy.paros.extension.ExtensionLoader - Initializing Alert Filters Automation - Alert Filters Automation Framework Integration
4967 [ZAP-daemon] INFO  org.parosproxy.paros.extension.ExtensionLoader - Initializing Match and Replace - Easy way to replace strings in requests and responses
4971 [ZAP-daemon] INFO  org.parosproxy.paros.extension.ExtensionLoader - Initializing ExtensionCoreLang - Translations of the core language files
4973 [ZAP-daemon] INFO  org.parosproxy.paros.extension.ExtensionLoader - Initializing Passive Scan Rules - beta - Beta status passive scan rules
4974 [ZAP-daemon] INFO  org.parosproxy.paros.extension.ExtensionLoader - Initializing ExtensionDomXSS - DOM XSS Active Scan Rule
5029 [ZAP-daemon] INFO  org.parosproxy.paros.extension.ExtensionLoader - Initializing GraalVM JavaScript Engine Extension - Provides the GraalVM JavaScript engine for ZAP scripting.
5229 [ZAP-daemon] INFO  org.parosproxy.paros.extension.ExtensionLoader - Initializing ExtensionGraphQl - Allows you to inspect and attack GraphQL endpoints.
5233 [ZAP-daemon] INFO  org.parosproxy.paros.extension.ExtensionLoader - Initializing GraphQL Automation - GraphQL Automation Framework Integration
5235 [ZAP-daemon] INFO  org.parosproxy.paros.extension.ExtensionLoader - Initializing ExtensionAscanRulesBeta - Beta status active scan rules
5236 [ZAP-daemon] INFO  org.parosproxy.paros.extension.ExtensionLoader - Initializing Common Library - A library of shared functionality
5289 [ZAP-daemon] INFO  org.zaproxy.addon.oast.services.callback.CallbackService - Started callback service on 0.0.0.0:32933
7316 [ZAP-daemon] INFO  org.parosproxy.paros.CommandLine - Add-on update check complete
7320 [ZAP-daemon] INFO  org.parosproxy.paros.CommandLine - Add-on already installed: /zap/./plugin/pscanrulesBeta-beta-30.zap
7329 [ZAP-daemon] INFO  org.zaproxy.addon.network.ExtensionNetwork - ZAP is now listening on 0.0.0.0:48058
10765 [ZAP-SpiderInitThread-0] INFO  org.zaproxy.zap.extension.spider.SpiderThread - Starting spidering scan on Context: WebGoat at 2022-07-20T10:58:03.032+0000
10774 [ZAP-SpiderInitThread-0] INFO  org.zaproxy.zap.spider.Spider - Spider initializing...
10798 [ZAP-SpiderInitThread-0] INFO  org.zaproxy.zap.spider.Spider - Starting spider...
11610 [ZAP-SpiderThreadPool-0-thread-2] INFO  org.zaproxy.zap.spider.Spider - Spidering process is complete. Shutting down...
11613 [ZAP-SpiderShutdownThread-0] INFO  org.zaproxy.zap.extension.spider.SpiderThread - Spider scanning complete: true on Context: WebGoat at 2022-07-20T10:58:03.881+0000
13301 [ZAP-PassiveScan-1] INFO  org.zaproxy.zap.extension.pscan.PassiveScanTaskHelper - Disabling passive scan rule Timestamp Disclosure as it has raised more than 10 alerts.
13306 [ZAP-PassiveScan-1] INFO  org.zaproxy.zap.extension.pscan.PassiveScanTaskHelper - Disabling passive scan rule Timestamp Disclosure as it has raised more than 10 alerts.
13311 [ZAP-PassiveScan-1] INFO  org.zaproxy.zap.extension.pscan.PassiveScanTaskHelper - Disabling passive scan rule Timestamp Disclosure as it has raised more than 10 alerts.
13315 [ZAP-PassiveScan-1] INFO  org.zaproxy.zap.extension.pscan.PassiveScanTaskHelper - Disabling passive scan rule Timestamp Disclosure as it has raised more than 10 alerts.
13320 [ZAP-PassiveScan-1] INFO  org.zaproxy.zap.extension.pscan.PassiveScanTaskHelper - Disabling passive scan rule Timestamp Disclosure as it has raised more than 10 alerts.
13324 [ZAP-PassiveScan-1] INFO  org.zaproxy.zap.extension.pscan.PassiveScanTaskHelper - Disabling passive scan rule Timestamp Disclosure as it has raised more than 10 alerts.
13329 [ZAP-PassiveScan-1] INFO  org.zaproxy.zap.extension.pscan.PassiveScanTaskHelper - Disabling passive scan rule Timestamp Disclosure as it has raised more than 10 alerts.
19642 [ZAP-Shutdown] INFO  hsqldb.db.HSQLDB379AF3DEBD.ENGINE - dataFileCache commit start
19661 [ZAP-Shutdown] INFO  hsqldb.db.HSQLDB379AF3DEBD.ENGINE - dataFileCache commit end
19679 [ZAP-Shutdown] INFO  hsqldb.db.HSQLDB379AF3DEBD.ENGINE - Database closed
19803 [ZAP-Shutdown] INFO  org.zaproxy.zap.extension.api.CoreAPI - OWASP ZAP D-2022-07-11 terminated.
